nohup: ignoring input

  .   ____          _            __ _ _
 /\\ / ___'_ __ _ _(_)_ __  __ _ \ \ \ \
( ( )\___ | '_ | '_| | '_ \/ _` | \ \ \ \
 \\/  ___)| |_)| | | | | || (_| |  ) ) ) )
  '  |____| .__|_| |_|_| |_\__, | / / / /
 =========|_|==============|___/=/_/_/_/
 :: Spring Boot ::                (v3.1.1)

{"@timestamp":"2025-09-12T07:07:29.629Z","@version":"1","message":"Starting SalaryApplication v0.1.0-RELEASE using Java 17.0.16 with PID 9376 (/home/ubuntu/salary-api/target/salary-0.1.0-RELEASE.jar started by ubuntu in /home/ubuntu/salary-api/target)","logger_name":"com.opstree.microservice.salary.SalaryApplication","thread_name":"main","level":"INFO","level_value":20000}
{"@timestamp":"2025-09-12T07:07:29.641Z","@version":"1","message":"No active profile set, falling back to 1 default profile: \"default\"","logger_name":"com.opstree.microservice.salary.SalaryApplication","thread_name":"main","level":"INFO","level_value":20000}
{"@timestamp":"2025-09-12T07:07:30.659Z","@version":"1","message":"Multiple Spring Data modules found, entering strict repository configuration mode","logger_name":"org.springframework.data.repository.config.RepositoryConfigurationDelegate","thread_name":"main","level":"INFO","level_value":20000}
{"@timestamp":"2025-09-12T07:07:30.660Z","@version":"1","message":"Bootstrapping Spring Data Cassandra repositories in DEFAULT mode.","logger_name":"org.springframework.data.repository.config.RepositoryConfigurationDelegate","thread_name":"main","level":"INFO","level_value":20000}
{"@timestamp":"2025-09-12T07:07:30.822Z","@version":"1","message":"Finished Spring Data repository scanning in 159 ms. Found 1 Cassandra repository interfaces.","logger_name":"org.springframework.data.repository.config.RepositoryConfigurationDelegate","thread_name":"main","level":"INFO","level_value":20000}
{"@timestamp":"2025-09-12T07:07:31.240Z","@version":"1","message":"Multiple Spring Data modules found, entering strict repository configuration mode","logger_name":"org.springframework.data.repository.config.RepositoryConfigurationDelegate","thread_name":"main","level":"INFO","level_value":20000}
{"@timestamp":"2025-09-12T07:07:31.240Z","@version":"1","message":"Bootstrapping Spring Data Reactive Cassandra repositories in DEFAULT mode.","logger_name":"org.springframework.data.repository.config.RepositoryConfigurationDelegate","thread_name":"main","level":"INFO","level_value":20000}
{"@timestamp":"2025-09-12T07:07:31.255Z","@version":"1","message":"Finished Spring Data repository scanning in 14 ms. Found 0 Reactive Cassandra repository interfaces.","logger_name":"org.springframework.data.repository.config.RepositoryConfigurationDelegate","thread_name":"main","level":"INFO","level_value":20000}
{"@timestamp":"2025-09-12T07:07:31.268Z","@version":"1","message":"Multiple Spring Data modules found, entering strict repository configuration mode","logger_name":"org.springframework.data.repository.config.RepositoryConfigurationDelegate","thread_name":"main","level":"INFO","level_value":20000}
{"@timestamp":"2025-09-12T07:07:31.270Z","@version":"1","message":"Bootstrapping Spring Data Redis repositories in DEFAULT mode.","logger_name":"org.springframework.data.repository.config.RepositoryConfigurationDelegate","thread_name":"main","level":"INFO","level_value":20000}
{"@timestamp":"2025-09-12T07:07:31.293Z","@version":"1","message":"Spring Data Redis - Could not safely identify store assignment for repository candidate interface com.opstree.microservice.salary.repository.EmployeeRepository; If you want this repository to be a Redis repository, consider annotating your entities with one of these annotations: org.springframework.data.redis.core.RedisHash (preferred), or consider extending one of the following types with your repository: org.springframework.data.keyvalue.repository.KeyValueRepository","logger_name":"org.springframework.data.repository.config.RepositoryConfigurationExtensionSupport","thread_name":"main","level":"INFO","level_value":20000}
{"@timestamp":"2025-09-12T07:07:31.293Z","@version":"1","message":"Finished Spring Data repository scanning in 9 ms. Found 0 Redis repository interfaces.","logger_name":"org.springframework.data.repository.config.RepositoryConfigurationDelegate","thread_name":"main","level":"INFO","level_value":20000}
{"@timestamp":"2025-09-12T07:07:31.970Z","@version":"1","message":"Tomcat initialized with port(s): 8082 (http)","logger_name":"org.springframework.boot.web.embedded.tomcat.TomcatWebServer","thread_name":"main","level":"INFO","level_value":20000}
{"@timestamp":"2025-09-12T07:07:31.979Z","@version":"1","message":"Initializing ProtocolHandler [\"http-nio-8082\"]","logger_name":"org.apache.coyote.http11.Http11NioProtocol","thread_name":"main","level":"INFO","level_value":20000}
{"@timestamp":"2025-09-12T07:07:31.982Z","@version":"1","message":"Starting service [Tomcat]","logger_name":"org.apache.catalina.core.StandardService","thread_name":"main","level":"INFO","level_value":20000}
{"@timestamp":"2025-09-12T07:07:31.982Z","@version":"1","message":"Starting Servlet engine: [Apache Tomcat/10.1.10]","logger_name":"org.apache.catalina.core.StandardEngine","thread_name":"main","level":"INFO","level_value":20000}
{"@timestamp":"2025-09-12T07:07:32.082Z","@version":"1","message":"Initializing Spring embedded WebApplicationContext","logger_name":"org.apache.catalina.core.ContainerBase.[Tomcat].[localhost].[/]","thread_name":"main","level":"INFO","level_value":20000}
{"@timestamp":"2025-09-12T07:07:32.086Z","@version":"1","message":"Root WebApplicationContext: initialization completed in 2336 ms","logger_name":"org.springframework.boot.web.servlet.context.ServletWebServerApplicationContext","thread_name":"main","level":"INFO","level_value":20000}
{"@timestamp":"2025-09-12T07:07:32.369Z","@version":"1","message":"Filter 'webMvcObservationFilter' configured for use","logger_name":"org.springframework.web.filter.ServerHttpObservationFilter","thread_name":"main","level":"DEBUG","level_value":10000}
{"@timestamp":"2025-09-12T07:07:32.369Z","@version":"1","message":"Filter 'corsFilter' configured for use","logger_name":"org.springframework.web.filter.CorsFilter","thread_name":"main","level":"DEBUG","level_value":10000}
{"@timestamp":"2025-09-12T07:07:32.863Z","@version":"1","message":"DataStax Java driver for Apache Cassandra(R) (com.datastax.oss:java-driver-core) version 4.15.0","logger_name":"com.datastax.oss.driver.internal.core.DefaultMavenCoordinates","thread_name":"main","level":"INFO","level_value":20000}
{"@timestamp":"2025-09-12T07:07:33.374Z","@version":"1","message":"Using native clock for microsecond precision","logger_name":"com.datastax.oss.driver.internal.core.time.Clock","thread_name":"s0-admin-0","level":"INFO","level_value":20000}
{"@timestamp":"2025-09-12T07:07:33.613Z","@version":"1","message":"[] /10.0.71.10:9042 did not send an authentication challenge; This is suspicious because the driver expects authentication","logger_name":"com.datastax.oss.driver.api.core.auth.PlainTextAuthProviderBase","thread_name":"s0-io-3","level":"WARN","level_value":30000}
{"@timestamp":"2025-09-12T07:07:33.755Z","@version":"1","message":"[] /10.0.71.10:9042 did not send an authentication challenge; This is suspicious because the driver expects authentication","logger_name":"com.datastax.oss.driver.api.core.auth.PlainTextAuthProviderBase","thread_name":"s0-io-0","level":"WARN","level_value":30000}
{"@timestamp":"2025-09-12T07:07:34.604Z","@version":"1","message":"Exposing 3 endpoint(s) beneath base path '/actuator'","logger_name":"org.springframework.boot.actuate.endpoint.web.EndpointLinksResolver","thread_name":"main","level":"INFO","level_value":20000}
{"@timestamp":"2025-09-12T07:07:34.769Z","@version":"1","message":"ControllerAdvice beans: 0 @ModelAttribute, 0 @InitBinder, 1 RequestBodyAdvice, 1 ResponseBodyAdvice","logger_name":"org.springframework.web.servlet.mvc.method.annotation.RequestMappingHandlerAdapter","thread_name":"main","level":"DEBUG","level_value":10000}
{"@timestamp":"2025-09-12T07:07:34.914Z","@version":"1","message":"9 mappings in 'requestMappingHandlerMapping'","logger_name":"org.springframework.web.servlet.mvc.method.annotation.RequestMappingHandlerMapping","thread_name":"main","level":"DEBUG","level_value":10000}
{"@timestamp":"2025-09-12T07:07:35.675Z","@version":"1","message":"Patterns [/webjars/**, /**, /swagger-ui*/*swagger-initializer.js, /swagger-ui*/**] in 'resourceHandlerMapping'","logger_name":"org.springframework.web.servlet.handler.SimpleUrlHandlerMapping","thread_name":"main","level":"DEBUG","level_value":10000}
{"@timestamp":"2025-09-12T07:07:35.692Z","@version":"1","message":"ControllerAdvice beans: 1 @ExceptionHandler, 1 ResponseBodyAdvice","logger_name":"org.springframework.web.servlet.mvc.method.annotation.ExceptionHandlerExceptionResolver","thread_name":"main","level":"DEBUG","level_value":10000}
{"@timestamp":"2025-09-12T07:07:36.069Z","@version":"1","message":"Starting ProtocolHandler [\"http-nio-8082\"]","logger_name":"org.apache.coyote.http11.Http11NioProtocol","thread_name":"main","level":"INFO","level_value":20000}
{"@timestamp":"2025-09-12T07:07:36.085Z","@version":"1","message":"Tomcat started on port(s): 8082 (http) with context path ''","logger_name":"org.springframework.boot.web.embedded.tomcat.TomcatWebServer","thread_name":"main","level":"INFO","level_value":20000}
{"@timestamp":"2025-09-12T07:07:36.105Z","@version":"1","message":"Started SalaryApplication in 7.422 seconds (process running for 8.08)","logger_name":"com.opstree.microservice.salary.SalaryApplication","thread_name":"main","level":"INFO","level_value":20000}
{"@timestamp":"2025-09-12T07:07:41.377Z","@version":"1","message":"Initializing Spring DispatcherServlet 'dispatcherServlet'","logger_name":"org.apache.catalina.core.ContainerBase.[Tomcat].[localhost].[/]","thread_name":"http-nio-8082-exec-1","level":"INFO","level_value":20000}
{"@timestamp":"2025-09-12T07:07:41.377Z","@version":"1","message":"Initializing Servlet 'dispatcherServlet'","logger_name":"org.springframework.web.servlet.DispatcherServlet","thread_name":"http-nio-8082-exec-1","level":"INFO","level_value":20000}
{"@timestamp":"2025-09-12T07:07:41.378Z","@version":"1","message":"Detected StandardServletMultipartResolver","logger_name":"org.springframework.web.servlet.DispatcherServlet","thread_name":"http-nio-8082-exec-1","level":"DEBUG","level_value":10000}
{"@timestamp":"2025-09-12T07:07:41.378Z","@version":"1","message":"Detected AcceptHeaderLocaleResolver","logger_name":"org.springframework.web.servlet.DispatcherServlet","thread_name":"http-nio-8082-exec-1","level":"DEBUG","level_value":10000}
{"@timestamp":"2025-09-12T07:07:41.378Z","@version":"1","message":"Detected FixedThemeResolver","logger_name":"org.springframework.web.servlet.DispatcherServlet","thread_name":"http-nio-8082-exec-1","level":"DEBUG","level_value":10000}
{"@timestamp":"2025-09-12T07:07:41.379Z","@version":"1","message":"Detected org.springframework.web.servlet.view.DefaultRequestToViewNameTranslator@65968225","logger_name":"org.springframework.web.servlet.DispatcherServlet","thread_name":"http-nio-8082-exec-1","level":"DEBUG","level_value":10000}
{"@timestamp":"2025-09-12T07:07:41.379Z","@version":"1","message":"Detected org.springframework.web.servlet.support.SessionFlashMapManager@490afb58","logger_name":"org.springframework.web.servlet.DispatcherServlet","thread_name":"http-nio-8082-exec-1","level":"DEBUG","level_value":10000}
{"@timestamp":"2025-09-12T07:07:41.380Z","@version":"1","message":"enableLoggingRequestDetails='false': request parameters and headers will be masked to prevent unsafe logging of potentially sensitive data","logger_name":"org.springframework.web.servlet.DispatcherServlet","thread_name":"http-nio-8082-exec-1","level":"DEBUG","level_value":10000}
{"@timestamp":"2025-09-12T07:07:41.380Z","@version":"1","message":"Completed initialization in 2 ms","logger_name":"org.springframework.web.servlet.DispatcherServlet","thread_name":"http-nio-8082-exec-1","level":"INFO","level_value":20000}
{"@timestamp":"2025-09-12T07:07:41.402Z","@version":"1","message":"GET \"/swagger-ui/index.html\", parameters={}","logger_name":"org.springframework.web.servlet.DispatcherServlet","thread_name":"http-nio-8082-exec-1","level":"DEBUG","level_value":10000}
{"@timestamp":"2025-09-12T07:07:41.412Z","@version":"1","message":"Mapped to ResourceHttpRequestHandler [classpath [META-INF/resources/webjars/]]","logger_name":"org.springframework.web.servlet.handler.SimpleUrlHandlerMapping","thread_name":"http-nio-8082-exec-1","level":"DEBUG","level_value":10000}
{"@timestamp":"2025-09-12T07:07:41.438Z","@version":"1","message":"Completed 200 OK","logger_name":"org.springframework.web.servlet.DispatcherServlet","thread_name":"http-nio-8082-exec-1","level":"DEBUG","level_value":10000}
{"@timestamp":"2025-09-12T07:07:41.483Z","@version":"1","message":"GET \"/swagger-ui/swagger-initializer.js\", parameters={}","logger_name":"org.springframework.web.servlet.DispatcherServlet","thread_name":"http-nio-8082-exec-2","level":"DEBUG","level_value":10000}
{"@timestamp":"2025-09-12T07:07:41.484Z","@version":"1","message":"Mapped to ResourceHttpRequestHandler [classpath [META-INF/resources/webjars/]]","logger_name":"org.springframework.web.servlet.handler.SimpleUrlHandlerMapping","thread_name":"http-nio-8082-exec-2","level":"DEBUG","level_value":10000}
{"@timestamp":"2025-09-12T07:07:41.504Z","@version":"1","message":"Completed 200 OK","logger_name":"org.springframework.web.servlet.DispatcherServlet","thread_name":"http-nio-8082-exec-2","level":"DEBUG","level_value":10000}
{"@timestamp":"2025-09-12T07:07:41.551Z","@version":"1","message":"GET \"/salary-api-docs/swagger-config\", parameters={}","logger_name":"org.springframework.web.servlet.DispatcherServlet","thread_name":"http-nio-8082-exec-3","level":"DEBUG","level_value":10000}
{"@timestamp":"2025-09-12T07:07:41.553Z","@version":"1","message":"Mapped to org.springdoc.webmvc.ui.SwaggerConfigResource#openapiJson(HttpServletRequest)","logger_name":"org.springframework.web.servlet.mvc.method.annotation.RequestMappingHandlerMapping","thread_name":"http-nio-8082-exec-3","level":"DEBUG","level_value":10000}
{"@timestamp":"2025-09-12T07:07:41.572Z","@version":"1","message":"Using 'application/json', given [*/*] and supported [application/json]","logger_name":"org.springframework.web.servlet.mvc.method.annotation.RequestResponseBodyMethodProcessor","thread_name":"http-nio-8082-exec-3","level":"DEBUG","level_value":10000}
{"@timestamp":"2025-09-12T07:07:41.575Z","@version":"1","message":"Writing [{configUrl=/salary-api-docs/swagger-config, filter=true, oauth2RedirectUrl=http://10.0.40.28:8082/sw (truncated)...]","logger_name":"org.springframework.web.servlet.mvc.method.annotation.RequestResponseBodyMethodProcessor","thread_name":"http-nio-8082-exec-3","level":"DEBUG","level_value":10000}
{"@timestamp":"2025-09-12T07:07:41.580Z","@version":"1","message":"Completed 200 OK","logger_name":"org.springframework.web.servlet.DispatcherServlet","thread_name":"http-nio-8082-exec-3","level":"DEBUG","level_value":10000}
{"@timestamp":"2025-09-12T07:07:41.630Z","@version":"1","message":"GET \"/salary-api-docs\", parameters={}","logger_name":"org.springframework.web.servlet.DispatcherServlet","thread_name":"http-nio-8082-exec-4","level":"DEBUG","level_value":10000}
{"@timestamp":"2025-09-12T07:07:41.630Z","@version":"1","message":"Mapped to org.springdoc.webmvc.api.OpenApiWebMvcResource#openapiJson(HttpServletRequest, String, Locale)","logger_name":"org.springframework.web.servlet.mvc.method.annotation.RequestMappingHandlerMapping","thread_name":"http-nio-8082-exec-4","level":"DEBUG","level_value":10000}
{"@timestamp":"2025-09-12T07:07:41.781Z","@version":"1","message":"GET \"/swagger-ui/index.html\", parameters={}","logger_name":"org.springframework.web.servlet.DispatcherServlet","thread_name":"http-nio-8082-exec-5","level":"DEBUG","level_value":10000}
{"@timestamp":"2025-09-12T07:07:41.790Z","@version":"1","message":"Mapped to ResourceHttpRequestHandler [classpath [META-INF/resources/webjars/]]","logger_name":"org.springframework.web.servlet.handler.SimpleUrlHandlerMapping","thread_name":"http-nio-8082-exec-5","level":"DEBUG","level_value":10000}
{"@timestamp":"2025-09-12T07:07:41.794Z","@version":"1","message":"Completed 304 NOT_MODIFIED","logger_name":"org.springframework.web.servlet.DispatcherServlet","thread_name":"http-nio-8082-exec-5","level":"DEBUG","level_value":10000}
{"@timestamp":"2025-09-12T07:07:41.844Z","@version":"1","message":"GET \"/swagger-ui/swagger-initializer.js\", parameters={}","logger_name":"org.springframework.web.servlet.DispatcherServlet","thread_name":"http-nio-8082-exec-6","level":"DEBUG","level_value":10000}
{"@timestamp":"2025-09-12T07:07:41.850Z","@version":"1","message":"Mapped to ResourceHttpRequestHandler [classpath [META-INF/resources/webjars/]]","logger_name":"org.springframework.web.servlet.handler.SimpleUrlHandlerMapping","thread_name":"http-nio-8082-exec-6","level":"DEBUG","level_value":10000}
{"@timestamp":"2025-09-12T07:07:41.856Z","@version":"1","message":"Completed 200 OK","logger_name":"org.springframework.web.servlet.DispatcherServlet","thread_name":"http-nio-8082-exec-6","level":"DEBUG","level_value":10000}
{"@timestamp":"2025-09-12T07:07:41.892Z","@version":"1","message":"GET \"/salary-api-docs/swagger-config\", parameters={}","logger_name":"org.springframework.web.servlet.DispatcherServlet","thread_name":"http-nio-8082-exec-7","level":"DEBUG","level_value":10000}
{"@timestamp":"2025-09-12T07:07:41.892Z","@version":"1","message":"Mapped to org.springdoc.webmvc.ui.SwaggerConfigResource#openapiJson(HttpServletRequest)","logger_name":"org.springframework.web.servlet.mvc.method.annotation.RequestMappingHandlerMapping","thread_name":"http-nio-8082-exec-7","level":"DEBUG","level_value":10000}
{"@timestamp":"2025-09-12T07:07:41.900Z","@version":"1","message":"Using 'application/json', given [*/*] and supported [application/json]","logger_name":"org.springframework.web.servlet.mvc.method.annotation.RequestResponseBodyMethodProcessor","thread_name":"http-nio-8082-exec-7","level":"DEBUG","level_value":10000}
{"@timestamp":"2025-09-12T07:07:41.901Z","@version":"1","message":"Writing [{configUrl=/salary-api-docs/swagger-config, filter=true, oauth2RedirectUrl=http://10.0.40.28:8082/sw (truncated)...]","logger_name":"org.springframework.web.servlet.mvc.method.annotation.RequestResponseBodyMethodProcessor","thread_name":"http-nio-8082-exec-7","level":"DEBUG","level_value":10000}
{"@timestamp":"2025-09-12T07:07:41.901Z","@version":"1","message":"Completed 200 OK","logger_name":"org.springframework.web.servlet.DispatcherServlet","thread_name":"http-nio-8082-exec-7","level":"DEBUG","level_value":10000}
{"@timestamp":"2025-09-12T07:07:41.947Z","@version":"1","message":"GET \"/salary-api-docs\", parameters={}","logger_name":"org.springframework.web.servlet.DispatcherServlet","thread_name":"http-nio-8082-exec-8","level":"DEBUG","level_value":10000}
{"@timestamp":"2025-09-12T07:07:41.948Z","@version":"1","message":"Mapped to org.springdoc.webmvc.api.OpenApiWebMvcResource#openapiJson(HttpServletRequest, String, Locale)","logger_name":"org.springframework.web.servlet.mvc.method.annotation.RequestMappingHandlerMapping","thread_name":"http-nio-8082-exec-8","level":"DEBUG","level_value":10000}
{"@timestamp":"2025-09-12T07:07:42.054Z","@version":"1","message":"Init duration for springdoc-openapi is: 410 ms","logger_name":"org.springdoc.api.AbstractOpenApiResource","thread_name":"http-nio-8082-exec-4","level":"INFO","level_value":20000}
{"@timestamp":"2025-09-12T07:07:42.106Z","@version":"1","message":"Using 'application/json', given [application/json, */*] and supported [application/json]","logger_name":"org.springframework.web.servlet.mvc.method.annotation.RequestResponseBodyMethodProcessor","thread_name":"http-nio-8082-exec-8","level":"DEBUG","level_value":10000}
{"@timestamp":"2025-09-12T07:07:42.108Z","@version":"1","message":"Using 'application/json', given [application/json, */*] and supported [application/json]","logger_name":"org.springframework.web.servlet.mvc.method.annotation.RequestResponseBodyMethodProcessor","thread_name":"http-nio-8082-exec-4","level":"DEBUG","level_value":10000}
{"@timestamp":"2025-09-12T07:07:42.113Z","@version":"1","message":"Writing [{123, 34, 111, 112, 101, 110, 97, 112, 105, 34, 58, 34, 51, 46, 48, 46, 49, 34, 44, 34, 105, 110, 10 (truncated)...]","logger_name":"org.springframework.web.servlet.mvc.method.annotation.RequestResponseBodyMethodProcessor","thread_name":"http-nio-8082-exec-4","level":"DEBUG","level_value":10000}
{"@timestamp":"2025-09-12T07:07:42.113Z","@version":"1","message":"Completed 200 OK","logger_name":"org.springframework.web.servlet.DispatcherServlet","thread_name":"http-nio-8082-exec-4","level":"DEBUG","level_value":10000}
{"@timestamp":"2025-09-12T07:07:42.113Z","@version":"1","message":"Writing [{123, 34, 111, 112, 101, 110, 97, 112, 105, 34, 58, 34, 51, 46, 48, 46, 49, 34, 44, 34, 105, 110, 10 (truncated)...]","logger_name":"org.springframework.web.servlet.mvc.method.annotation.RequestResponseBodyMethodProcessor","thread_name":"http-nio-8082-exec-8","level":"DEBUG","level_value":10000}
{"@timestamp":"2025-09-12T07:07:42.115Z","@version":"1","message":"Completed 200 OK","logger_name":"org.springframework.web.servlet.DispatcherServlet","thread_name":"http-nio-8082-exec-8","level":"DEBUG","level_value":10000}
{"@timestamp":"2025-09-12T07:07:44.939Z","@version":"1","message":"GET \"/actuator/health\", parameters={}","logger_name":"org.springframework.web.servlet.DispatcherServlet","thread_name":"http-nio-8082-exec-9","level":"DEBUG","level_value":10000}
{"@timestamp":"2025-09-12T07:07:45.384Z","@version":"1","message":"Using 'application/vnd.spring-boot.actuator.v3+json', given [*/*] and supported [application/vnd.spring-boot.actuator.v3+json, application/vnd.spring-boot.actuator.v2+json, application/json]","logger_name":"org.springframework.web.servlet.mvc.method.annotation.HttpEntityMethodProcessor","thread_name":"http-nio-8082-exec-9","level":"DEBUG","level_value":10000}
{"@timestamp":"2025-09-12T07:07:45.393Z","@version":"1","message":"Writing [org.springframework.boot.actuate.health.SystemHealth@51b17c8]","logger_name":"org.springframework.web.servlet.mvc.method.annotation.HttpEntityMethodProcessor","thread_name":"http-nio-8082-exec-9","level":"DEBUG","level_value":10000}
{"@timestamp":"2025-09-12T07:07:45.401Z","@version":"1","message":"Completed 200 OK","logger_name":"org.springframework.web.servlet.DispatcherServlet","thread_name":"http-nio-8082-exec-9","level":"DEBUG","level_value":10000}
{"@timestamp":"2025-09-12T07:07:45.630Z","@version":"1","message":"GET \"/actuator/health\", parameters={}","logger_name":"org.springframework.web.servlet.DispatcherServlet","thread_name":"http-nio-8082-exec-10","level":"DEBUG","level_value":10000}
{"@timestamp":"2025-09-12T07:07:45.636Z","@version":"1","message":"Using 'application/vnd.spring-boot.actuator.v3+json', given [application/vnd.spring-boot.actuator.v3+json] and supported [application/vnd.spring-boot.actuator.v3+json]","logger_name":"org.springframework.web.servlet.mvc.method.annotation.HttpEntityMethodProcessor","thread_name":"http-nio-8082-exec-10","level":"DEBUG","level_value":10000}
{"@timestamp":"2025-09-12T07:07:45.637Z","@version":"1","message":"Writing [org.springframework.boot.actuate.health.SystemHealth@2db76fa1]","logger_name":"org.springframework.web.servlet.mvc.method.annotation.HttpEntityMethodProcessor","thread_name":"http-nio-8082-exec-10","level":"DEBUG","level_value":10000}
{"@timestamp":"2025-09-12T07:07:45.638Z","@version":"1","message":"Completed 200 OK","logger_name":"org.springframework.web.servlet.DispatcherServlet","thread_name":"http-nio-8082-exec-10","level":"DEBUG","level_value":10000}
{"@timestamp":"2025-09-12T07:07:48.083Z","@version":"1","message":"GET \"/actuator/health\", parameters={}","logger_name":"org.springframework.web.servlet.DispatcherServlet","thread_name":"http-nio-8082-exec-1","level":"DEBUG","level_value":10000}
{"@timestamp":"2025-09-12T07:07:48.086Z","@version":"1","message":"Using 'application/vnd.spring-boot.actuator.v3+json', given [*/*] and supported [application/vnd.spring-boot.actuator.v3+json, application/vnd.spring-boot.actuator.v2+json, application/json]","logger_name":"org.springframework.web.servlet.mvc.method.annotation.HttpEntityMethodProcessor","thread_name":"http-nio-8082-exec-1","level":"DEBUG","level_value":10000}
{"@timestamp":"2025-09-12T07:07:48.087Z","@version":"1","message":"Writing [org.springframework.boot.actuate.health.SystemHealth@48bda4ce]","logger_name":"org.springframework.web.servlet.mvc.method.annotation.HttpEntityMethodProcessor","thread_name":"http-nio-8082-exec-1","level":"DEBUG","level_value":10000}
{"@timestamp":"2025-09-12T07:07:48.088Z","@version":"1","message":"Completed 200 OK","logger_name":"org.springframework.web.servlet.DispatcherServlet","thread_name":"http-nio-8082-exec-1","level":"DEBUG","level_value":10000}
{"@timestamp":"2025-09-12T07:07:59.656Z","@version":"1","message":"GET \"/actuator/health\", parameters={}","logger_name":"org.springframework.web.servlet.DispatcherServlet","thread_name":"http-nio-8082-exec-2","level":"DEBUG","level_value":10000}
{"@timestamp":"2025-09-12T07:07:59.659Z","@version":"1","message":"Using 'application/vnd.spring-boot.actuator.v3+json', given [*/*] and supported [application/vnd.spring-boot.actuator.v3+json, application/vnd.spring-boot.actuator.v2+json, application/json]","logger_name":"org.springframework.web.servlet.mvc.method.annotation.HttpEntityMethodProcessor","thread_name":"http-nio-8082-exec-2","level":"DEBUG","level_value":10000}
{"@timestamp":"2025-09-12T07:07:59.660Z","@version":"1","message":"Writing [org.springframework.boot.actuate.health.SystemHealth@320f573b]","logger_name":"org.springframework.web.servlet.mvc.method.annotation.HttpEntityMethodProcessor","thread_name":"http-nio-8082-exec-2","level":"DEBUG","level_value":10000}
{"@timestamp":"2025-09-12T07:07:59.661Z","@version":"1","message":"Completed 200 OK","logger_name":"org.springframework.web.servlet.DispatcherServlet","thread_name":"http-nio-8082-exec-2","level":"DEBUG","level_value":10000}
{"@timestamp":"2025-09-12T07:08:14.945Z","@version":"1","message":"GET \"/actuator/health\", parameters={}","logger_name":"org.springframework.web.servlet.DispatcherServlet","thread_name":"http-nio-8082-exec-5","level":"DEBUG","level_value":10000}
{"@timestamp":"2025-09-12T07:08:14.950Z","@version":"1","message":"Using 'application/vnd.spring-boot.actuator.v3+json', given [*/*] and supported [application/vnd.spring-boot.actuator.v3+json, application/vnd.spring-boot.actuator.v2+json, application/json]","logger_name":"org.springframework.web.servlet.mvc.method.annotation.HttpEntityMethodProcessor","thread_name":"http-nio-8082-exec-5","level":"DEBUG","level_value":10000}
{"@timestamp":"2025-09-12T07:08:14.950Z","@version":"1","message":"Writing [org.springframework.boot.actuate.health.SystemHealth@5cc8be15]","logger_name":"org.springframework.web.servlet.mvc.method.annotation.HttpEntityMethodProcessor","thread_name":"http-nio-8082-exec-5","level":"DEBUG","level_value":10000}
{"@timestamp":"2025-09-12T07:08:14.951Z","@version":"1","message":"Completed 200 OK","logger_name":"org.springframework.web.servlet.DispatcherServlet","thread_name":"http-nio-8082-exec-5","level":"DEBUG","level_value":10000}
{"@timestamp":"2025-09-12T07:08:18.103Z","@version":"1","message":"GET \"/actuator/health\", parameters={}","logger_name":"org.springframework.web.servlet.DispatcherServlet","thread_name":"http-nio-8082-exec-6","level":"DEBUG","level_value":10000}
{"@timestamp":"2025-09-12T07:08:18.107Z","@version":"1","message":"Using 'application/vnd.spring-boot.actuator.v3+json', given [*/*] and supported [application/vnd.spring-boot.actuator.v3+json, application/vnd.spring-boot.actuator.v2+json, application/json]","logger_name":"org.springframework.web.servlet.mvc.method.annotation.HttpEntityMethodProcessor","thread_name":"http-nio-8082-exec-6","level":"DEBUG","level_value":10000}
{"@timestamp":"2025-09-12T07:08:18.107Z","@version":"1","message":"Writing [org.springframework.boot.actuate.health.SystemHealth@7e8d979]","logger_name":"org.springframework.web.servlet.mvc.method.annotation.HttpEntityMethodProcessor","thread_name":"http-nio-8082-exec-6","level":"DEBUG","level_value":10000}
{"@timestamp":"2025-09-12T07:08:18.107Z","@version":"1","message":"Completed 200 OK","logger_name":"org.springframework.web.servlet.DispatcherServlet","thread_name":"http-nio-8082-exec-6","level":"DEBUG","level_value":10000}
{"@timestamp":"2025-09-12T07:08:44.974Z","@version":"1","message":"GET \"/actuator/health\", parameters={}","logger_name":"org.springframework.web.servlet.DispatcherServlet","thread_name":"http-nio-8082-exec-7","level":"DEBUG","level_value":10000}
{"@timestamp":"2025-09-12T07:08:44.977Z","@version":"1","message":"Using 'application/vnd.spring-boot.actuator.v3+json', given [*/*] and supported [application/vnd.spring-boot.actuator.v3+json, application/vnd.spring-boot.actuator.v2+json, application/json]","logger_name":"org.springframework.web.servlet.mvc.method.annotation.HttpEntityMethodProcessor","thread_name":"http-nio-8082-exec-7","level":"DEBUG","level_value":10000}
{"@timestamp":"2025-09-12T07:08:44.978Z","@version":"1","message":"Writing [org.springframework.boot.actuate.health.SystemHealth@513e96cd]","logger_name":"org.springframework.web.servlet.mvc.method.annotation.HttpEntityMethodProcessor","thread_name":"http-nio-8082-exec-7","level":"DEBUG","level_value":10000}
{"@timestamp":"2025-09-12T07:08:44.978Z","@version":"1","message":"Completed 200 OK","logger_name":"org.springframework.web.servlet.DispatcherServlet","thread_name":"http-nio-8082-exec-7","level":"DEBUG","level_value":10000}
{"@timestamp":"2025-09-12T07:08:48.132Z","@version":"1","message":"GET \"/actuator/health\", parameters={}","logger_name":"org.springframework.web.servlet.DispatcherServlet","thread_name":"http-nio-8082-exec-4","level":"DEBUG","level_value":10000}
{"@timestamp":"2025-09-12T07:08:48.134Z","@version":"1","message":"Using 'application/vnd.spring-boot.actuator.v3+json', given [*/*] and supported [application/vnd.spring-boot.actuator.v3+json, application/vnd.spring-boot.actuator.v2+json, application/json]","logger_name":"org.springframework.web.servlet.mvc.method.annotation.HttpEntityMethodProcessor","thread_name":"http-nio-8082-exec-4","level":"DEBUG","level_value":10000}
{"@timestamp":"2025-09-12T07:08:48.135Z","@version":"1","message":"Writing [org.springframework.boot.actuate.health.SystemHealth@377feae2]","logger_name":"org.springframework.web.servlet.mvc.method.annotation.HttpEntityMethodProcessor","thread_name":"http-nio-8082-exec-4","level":"DEBUG","level_value":10000}
{"@timestamp":"2025-09-12T07:08:48.136Z","@version":"1","message":"Completed 200 OK","logger_name":"org.springframework.web.servlet.DispatcherServlet","thread_name":"http-nio-8082-exec-4","level":"DEBUG","level_value":10000}
{"@timestamp":"2025-09-12T07:09:15.002Z","@version":"1","message":"GET \"/actuator/health\", parameters={}","logger_name":"org.springframework.web.servlet.DispatcherServlet","thread_name":"http-nio-8082-exec-8","level":"DEBUG","level_value":10000}
{"@timestamp":"2025-09-12T07:09:15.005Z","@version":"1","message":"Using 'application/vnd.spring-boot.actuator.v3+json', given [*/*] and supported [application/vnd.spring-boot.actuator.v3+json, application/vnd.spring-boot.actuator.v2+json, application/json]","logger_name":"org.springframework.web.servlet.mvc.method.annotation.HttpEntityMethodProcessor","thread_name":"http-nio-8082-exec-8","level":"DEBUG","level_value":10000}
{"@timestamp":"2025-09-12T07:09:15.006Z","@version":"1","message":"Writing [org.springframework.boot.actuate.health.SystemHealth@1c8a924b]","logger_name":"org.springframework.web.servlet.mvc.method.annotation.HttpEntityMethodProcessor","thread_name":"http-nio-8082-exec-8","level":"DEBUG","level_value":10000}
{"@timestamp":"2025-09-12T07:09:15.006Z","@version":"1","message":"Completed 200 OK","logger_name":"org.springframework.web.servlet.DispatcherServlet","thread_name":"http-nio-8082-exec-8","level":"DEBUG","level_value":10000}
{"@timestamp":"2025-09-12T07:09:18.161Z","@version":"1","message":"GET \"/actuator/health\", parameters={}","logger_name":"org.springframework.web.servlet.DispatcherServlet","thread_name":"http-nio-8082-exec-9","level":"DEBUG","level_value":10000}
{"@timestamp":"2025-09-12T07:09:18.175Z","@version":"1","message":"Using 'application/vnd.spring-boot.actuator.v3+json', given [*/*] and supported [application/vnd.spring-boot.actuator.v3+json, application/vnd.spring-boot.actuator.v2+json, application/json]","logger_name":"org.springframework.web.servlet.mvc.method.annotation.HttpEntityMethodProcessor","thread_name":"http-nio-8082-exec-9","level":"DEBUG","level_value":10000}
{"@timestamp":"2025-09-12T07:09:18.175Z","@version":"1","message":"Writing [org.springframework.boot.actuate.health.SystemHealth@63726d1b]","logger_name":"org.springframework.web.servlet.mvc.method.annotation.HttpEntityMethodProcessor","thread_name":"http-nio-8082-exec-9","level":"DEBUG","level_value":10000}
{"@timestamp":"2025-09-12T07:09:18.176Z","@version":"1","message":"Completed 200 OK","logger_name":"org.springframework.web.servlet.DispatcherServlet","thread_name":"http-nio-8082-exec-9","level":"DEBUG","level_value":10000}
{"@timestamp":"2025-09-12T07:09:45.018Z","@version":"1","message":"GET \"/actuator/health\", parameters={}","logger_name":"org.springframework.web.servlet.DispatcherServlet","thread_name":"http-nio-8082-exec-10","level":"DEBUG","level_value":10000}
{"@timestamp":"2025-09-12T07:09:45.022Z","@version":"1","message":"Using 'application/vnd.spring-boot.actuator.v3+json', given [*/*] and supported [application/vnd.spring-boot.actuator.v3+json, application/vnd.spring-boot.actuator.v2+json, application/json]","logger_name":"org.springframework.web.servlet.mvc.method.annotation.HttpEntityMethodProcessor","thread_name":"http-nio-8082-exec-10","level":"DEBUG","level_value":10000}
{"@timestamp":"2025-09-12T07:09:45.022Z","@version":"1","message":"Writing [org.springframework.boot.actuate.health.SystemHealth@2988eecf]","logger_name":"org.springframework.web.servlet.mvc.method.annotation.HttpEntityMethodProcessor","thread_name":"http-nio-8082-exec-10","level":"DEBUG","level_value":10000}
{"@timestamp":"2025-09-12T07:09:45.023Z","@version":"1","message":"Completed 200 OK","logger_name":"org.springframework.web.servlet.DispatcherServlet","thread_name":"http-nio-8082-exec-10","level":"DEBUG","level_value":10000}
{"@timestamp":"2025-09-12T07:09:48.193Z","@version":"1","message":"GET \"/actuator/health\", parameters={}","logger_name":"org.springframework.web.servlet.DispatcherServlet","thread_name":"http-nio-8082-exec-1","level":"DEBUG","level_value":10000}
{"@timestamp":"2025-09-12T07:09:48.199Z","@version":"1","message":"Using 'application/vnd.spring-boot.actuator.v3+json', given [*/*] and supported [application/vnd.spring-boot.actuator.v3+json, application/vnd.spring-boot.actuator.v2+json, application/json]","logger_name":"org.springframework.web.servlet.mvc.method.annotation.HttpEntityMethodProcessor","thread_name":"http-nio-8082-exec-1","level":"DEBUG","level_value":10000}
{"@timestamp":"2025-09-12T07:09:48.199Z","@version":"1","message":"Writing [org.springframework.boot.actuate.health.SystemHealth@3c2cdd9e]","logger_name":"org.springframework.web.servlet.mvc.method.annotation.HttpEntityMethodProcessor","thread_name":"http-nio-8082-exec-1","level":"DEBUG","level_value":10000}
{"@timestamp":"2025-09-12T07:09:48.200Z","@version":"1","message":"Completed 200 OK","logger_name":"org.springframework.web.servlet.DispatcherServlet","thread_name":"http-nio-8082-exec-1","level":"DEBUG","level_value":10000}
{"@timestamp":"2025-09-12T07:10:15.042Z","@version":"1","message":"GET \"/actuator/health\", parameters={}","logger_name":"org.springframework.web.servlet.DispatcherServlet","thread_name":"http-nio-8082-exec-2","level":"DEBUG","level_value":10000}
{"@timestamp":"2025-09-12T07:10:15.046Z","@version":"1","message":"Using 'application/vnd.spring-boot.actuator.v3+json', given [*/*] and supported [application/vnd.spring-boot.actuator.v3+json, application/vnd.spring-boot.actuator.v2+json, application/json]","logger_name":"org.springframework.web.servlet.mvc.method.annotation.HttpEntityMethodProcessor","thread_name":"http-nio-8082-exec-2","level":"DEBUG","level_value":10000}
{"@timestamp":"2025-09-12T07:10:15.046Z","@version":"1","message":"Writing [org.springframework.boot.actuate.health.SystemHealth@1c1e0797]","logger_name":"org.springframework.web.servlet.mvc.method.annotation.HttpEntityMethodProcessor","thread_name":"http-nio-8082-exec-2","level":"DEBUG","level_value":10000}
{"@timestamp":"2025-09-12T07:10:15.047Z","@version":"1","message":"Completed 200 OK","logger_name":"org.springframework.web.servlet.DispatcherServlet","thread_name":"http-nio-8082-exec-2","level":"DEBUG","level_value":10000}
{"@timestamp":"2025-09-12T07:10:18.219Z","@version":"1","message":"GET \"/actuator/health\", parameters={}","logger_name":"org.springframework.web.servlet.DispatcherServlet","thread_name":"http-nio-8082-exec-3","level":"DEBUG","level_value":10000}
{"@timestamp":"2025-09-12T07:10:18.222Z","@version":"1","message":"Using 'application/vnd.spring-boot.actuator.v3+json', given [*/*] and supported [application/vnd.spring-boot.actuator.v3+json, application/vnd.spring-boot.actuator.v2+json, application/json]","logger_name":"org.springframework.web.servlet.mvc.method.annotation.HttpEntityMethodProcessor","thread_name":"http-nio-8082-exec-3","level":"DEBUG","level_value":10000}
{"@timestamp":"2025-09-12T07:10:18.222Z","@version":"1","message":"Writing [org.springframework.boot.actuate.health.SystemHealth@abd319d]","logger_name":"org.springframework.web.servlet.mvc.method.annotation.HttpEntityMethodProcessor","thread_name":"http-nio-8082-exec-3","level":"DEBUG","level_value":10000}
{"@timestamp":"2025-09-12T07:10:18.222Z","@version":"1","message":"Completed 200 OK","logger_name":"org.springframework.web.servlet.DispatcherServlet","thread_name":"http-nio-8082-exec-3","level":"DEBUG","level_value":10000}
{"@timestamp":"2025-09-12T07:10:45.072Z","@version":"1","message":"GET \"/actuator/health\", parameters={}","logger_name":"org.springframework.web.servlet.DispatcherServlet","thread_name":"http-nio-8082-exec-5","level":"DEBUG","level_value":10000}
{"@timestamp":"2025-09-12T07:10:45.075Z","@version":"1","message":"Using 'application/vnd.spring-boot.actuator.v3+json', given [*/*] and supported [application/vnd.spring-boot.actuator.v3+json, application/vnd.spring-boot.actuator.v2+json, application/json]","logger_name":"org.springframework.web.servlet.mvc.method.annotation.HttpEntityMethodProcessor","thread_name":"http-nio-8082-exec-5","level":"DEBUG","level_value":10000}
{"@timestamp":"2025-09-12T07:10:45.076Z","@version":"1","message":"Writing [org.springframework.boot.actuate.health.SystemHealth@5d3ade2c]","logger_name":"org.springframework.web.servlet.mvc.method.annotation.HttpEntityMethodProcessor","thread_name":"http-nio-8082-exec-5","level":"DEBUG","level_value":10000}
{"@timestamp":"2025-09-12T07:10:45.076Z","@version":"1","message":"Completed 200 OK","logger_name":"org.springframework.web.servlet.DispatcherServlet","thread_name":"http-nio-8082-exec-5","level":"DEBUG","level_value":10000}
{"@timestamp":"2025-09-12T07:10:48.250Z","@version":"1","message":"GET \"/actuator/health\", parameters={}","logger_name":"org.springframework.web.servlet.DispatcherServlet","thread_name":"http-nio-8082-exec-6","level":"DEBUG","level_value":10000}
{"@timestamp":"2025-09-12T07:10:48.253Z","@version":"1","message":"Using 'application/vnd.spring-boot.actuator.v3+json', given [*/*] and supported [application/vnd.spring-boot.actuator.v3+json, application/vnd.spring-boot.actuator.v2+json, application/json]","logger_name":"org.springframework.web.servlet.mvc.method.annotation.HttpEntityMethodProcessor","thread_name":"http-nio-8082-exec-6","level":"DEBUG","level_value":10000}
{"@timestamp":"2025-09-12T07:10:48.253Z","@version":"1","message":"Writing [org.springframework.boot.actuate.health.SystemHealth@4e5da947]","logger_name":"org.springframework.web.servlet.mvc.method.annotation.HttpEntityMethodProcessor","thread_name":"http-nio-8082-exec-6","level":"DEBUG","level_value":10000}
{"@timestamp":"2025-09-12T07:10:48.255Z","@version":"1","message":"Completed 200 OK","logger_name":"org.springframework.web.servlet.DispatcherServlet","thread_name":"http-nio-8082-exec-6","level":"DEBUG","level_value":10000}
{"@timestamp":"2025-09-12T07:11:15.083Z","@version":"1","message":"GET \"/actuator/health\", parameters={}","logger_name":"org.springframework.web.servlet.DispatcherServlet","thread_name":"http-nio-8082-exec-7","level":"DEBUG","level_value":10000}
{"@timestamp":"2025-09-12T07:11:15.088Z","@version":"1","message":"Using 'application/vnd.spring-boot.actuator.v3+json', given [*/*] and supported [application/vnd.spring-boot.actuator.v3+json, application/vnd.spring-boot.actuator.v2+json, application/json]","logger_name":"org.springframework.web.servlet.mvc.method.annotation.HttpEntityMethodProcessor","thread_name":"http-nio-8082-exec-7","level":"DEBUG","level_value":10000}
{"@timestamp":"2025-09-12T07:11:15.088Z","@version":"1","message":"Writing [org.springframework.boot.actuate.health.SystemHealth@55011832]","logger_name":"org.springframework.web.servlet.mvc.method.annotation.HttpEntityMethodProcessor","thread_name":"http-nio-8082-exec-7","level":"DEBUG","level_value":10000}
{"@timestamp":"2025-09-12T07:11:15.089Z","@version":"1","message":"Completed 200 OK","logger_name":"org.springframework.web.servlet.DispatcherServlet","thread_name":"http-nio-8082-exec-7","level":"DEBUG","level_value":10000}
{"@timestamp":"2025-09-12T07:11:18.281Z","@version":"1","message":"GET \"/actuator/health\", parameters={}","logger_name":"org.springframework.web.servlet.DispatcherServlet","thread_name":"http-nio-8082-exec-4","level":"DEBUG","level_value":10000}
{"@timestamp":"2025-09-12T07:11:18.284Z","@version":"1","message":"Using 'application/vnd.spring-boot.actuator.v3+json', given [*/*] and supported [application/vnd.spring-boot.actuator.v3+json, application/vnd.spring-boot.actuator.v2+json, application/json]","logger_name":"org.springframework.web.servlet.mvc.method.annotation.HttpEntityMethodProcessor","thread_name":"http-nio-8082-exec-4","level":"DEBUG","level_value":10000}
{"@timestamp":"2025-09-12T07:11:18.285Z","@version":"1","message":"Writing [org.springframework.boot.actuate.health.SystemHealth@78b7cb18]","logger_name":"org.springframework.web.servlet.mvc.method.annotation.HttpEntityMethodProcessor","thread_name":"http-nio-8082-exec-4","level":"DEBUG","level_value":10000}
{"@timestamp":"2025-09-12T07:11:18.285Z","@version":"1","message":"Completed 200 OK","logger_name":"org.springframework.web.servlet.DispatcherServlet","thread_name":"http-nio-8082-exec-4","level":"DEBUG","level_value":10000}
{"@timestamp":"2025-09-12T07:11:45.114Z","@version":"1","message":"GET \"/actuator/health\", parameters={}","logger_name":"org.springframework.web.servlet.DispatcherServlet","thread_name":"http-nio-8082-exec-8","level":"DEBUG","level_value":10000}
{"@timestamp":"2025-09-12T07:11:45.117Z","@version":"1","message":"Using 'application/vnd.spring-boot.actuator.v3+json', given [*/*] and supported [application/vnd.spring-boot.actuator.v3+json, application/vnd.spring-boot.actuator.v2+json, application/json]","logger_name":"org.springframework.web.servlet.mvc.method.annotation.HttpEntityMethodProcessor","thread_name":"http-nio-8082-exec-8","level":"DEBUG","level_value":10000}
{"@timestamp":"2025-09-12T07:11:45.118Z","@version":"1","message":"Writing [org.springframework.boot.actuate.health.SystemHealth@2e06cc88]","logger_name":"org.springframework.web.servlet.mvc.method.annotation.HttpEntityMethodProcessor","thread_name":"http-nio-8082-exec-8","level":"DEBUG","level_value":10000}
{"@timestamp":"2025-09-12T07:11:45.118Z","@version":"1","message":"Completed 200 OK","logger_name":"org.springframework.web.servlet.DispatcherServlet","thread_name":"http-nio-8082-exec-8","level":"DEBUG","level_value":10000}
{"@timestamp":"2025-09-12T07:11:48.312Z","@version":"1","message":"GET \"/actuator/health\", parameters={}","logger_name":"org.springframework.web.servlet.DispatcherServlet","thread_name":"http-nio-8082-exec-9","level":"DEBUG","level_value":10000}
{"@timestamp":"2025-09-12T07:11:48.316Z","@version":"1","message":"Using 'application/vnd.spring-boot.actuator.v3+json', given [*/*] and supported [application/vnd.spring-boot.actuator.v3+json, application/vnd.spring-boot.actuator.v2+json, application/json]","logger_name":"org.springframework.web.servlet.mvc.method.annotation.HttpEntityMethodProcessor","thread_name":"http-nio-8082-exec-9","level":"DEBUG","level_value":10000}
{"@timestamp":"2025-09-12T07:11:48.316Z","@version":"1","message":"Writing [org.springframework.boot.actuate.health.SystemHealth@50e892df]","logger_name":"org.springframework.web.servlet.mvc.method.annotation.HttpEntityMethodProcessor","thread_name":"http-nio-8082-exec-9","level":"DEBUG","level_value":10000}
{"@timestamp":"2025-09-12T07:11:48.316Z","@version":"1","message":"Completed 200 OK","logger_name":"org.springframework.web.servlet.DispatcherServlet","thread_name":"http-nio-8082-exec-9","level":"DEBUG","level_value":10000}
{"@timestamp":"2025-09-12T07:12:15.145Z","@version":"1","message":"GET \"/actuator/health\", parameters={}","logger_name":"org.springframework.web.servlet.DispatcherServlet","thread_name":"http-nio-8082-exec-10","level":"DEBUG","level_value":10000}
{"@timestamp":"2025-09-12T07:12:15.160Z","@version":"1","message":"Using 'application/vnd.spring-boot.actuator.v3+json', given [*/*] and supported [application/vnd.spring-boot.actuator.v3+json, application/vnd.spring-boot.actuator.v2+json, application/json]","logger_name":"org.springframework.web.servlet.mvc.method.annotation.HttpEntityMethodProcessor","thread_name":"http-nio-8082-exec-10","level":"DEBUG","level_value":10000}
{"@timestamp":"2025-09-12T07:12:15.161Z","@version":"1","message":"Writing [org.springframework.boot.actuate.health.SystemHealth@6c8a659a]","logger_name":"org.springframework.web.servlet.mvc.method.annotation.HttpEntityMethodProcessor","thread_name":"http-nio-8082-exec-10","level":"DEBUG","level_value":10000}
{"@timestamp":"2025-09-12T07:12:15.162Z","@version":"1","message":"Completed 200 OK","logger_name":"org.springframework.web.servlet.DispatcherServlet","thread_name":"http-nio-8082-exec-10","level":"DEBUG","level_value":10000}
{"@timestamp":"2025-09-12T07:12:18.344Z","@version":"1","message":"GET \"/actuator/health\", parameters={}","logger_name":"org.springframework.web.servlet.DispatcherServlet","thread_name":"http-nio-8082-exec-1","level":"DEBUG","level_value":10000}
{"@timestamp":"2025-09-12T07:12:18.350Z","@version":"1","message":"Using 'application/vnd.spring-boot.actuator.v3+json', given [*/*] and supported [application/vnd.spring-boot.actuator.v3+json, application/vnd.spring-boot.actuator.v2+json, application/json]","logger_name":"org.springframework.web.servlet.mvc.method.annotation.HttpEntityMethodProcessor","thread_name":"http-nio-8082-exec-1","level":"DEBUG","level_value":10000}
{"@timestamp":"2025-09-12T07:12:18.350Z","@version":"1","message":"Writing [org.springframework.boot.actuate.health.SystemHealth@37ce1e86]","logger_name":"org.springframework.web.servlet.mvc.method.annotation.HttpEntityMethodProcessor","thread_name":"http-nio-8082-exec-1","level":"DEBUG","level_value":10000}
{"@timestamp":"2025-09-12T07:12:18.351Z","@version":"1","message":"Completed 200 OK","logger_name":"org.springframework.web.servlet.DispatcherServlet","thread_name":"http-nio-8082-exec-1","level":"DEBUG","level_value":10000}
{"@timestamp":"2025-09-12T07:12:45.169Z","@version":"1","message":"GET \"/actuator/health\", parameters={}","logger_name":"org.springframework.web.servlet.DispatcherServlet","thread_name":"http-nio-8082-exec-2","level":"DEBUG","level_value":10000}
{"@timestamp":"2025-09-12T07:12:45.171Z","@version":"1","message":"Using 'application/vnd.spring-boot.actuator.v3+json', given [*/*] and supported [application/vnd.spring-boot.actuator.v3+json, application/vnd.spring-boot.actuator.v2+json, application/json]","logger_name":"org.springframework.web.servlet.mvc.method.annotation.HttpEntityMethodProcessor","thread_name":"http-nio-8082-exec-2","level":"DEBUG","level_value":10000}
{"@timestamp":"2025-09-12T07:12:45.172Z","@version":"1","message":"Writing [org.springframework.boot.actuate.health.SystemHealth@78960b44]","logger_name":"org.springframework.web.servlet.mvc.method.annotation.HttpEntityMethodProcessor","thread_name":"http-nio-8082-exec-2","level":"DEBUG","level_value":10000}
{"@timestamp":"2025-09-12T07:12:45.172Z","@version":"1","message":"Completed 200 OK","logger_name":"org.springframework.web.servlet.DispatcherServlet","thread_name":"http-nio-8082-exec-2","level":"DEBUG","level_value":10000}
{"@timestamp":"2025-09-12T07:12:48.368Z","@version":"1","message":"GET \"/actuator/health\", parameters={}","logger_name":"org.springframework.web.servlet.DispatcherServlet","thread_name":"http-nio-8082-exec-3","level":"DEBUG","level_value":10000}
{"@timestamp":"2025-09-12T07:12:48.370Z","@version":"1","message":"Using 'application/vnd.spring-boot.actuator.v3+json', given [*/*] and supported [application/vnd.spring-boot.actuator.v3+json, application/vnd.spring-boot.actuator.v2+json, application/json]","logger_name":"org.springframework.web.servlet.mvc.method.annotation.HttpEntityMethodProcessor","thread_name":"http-nio-8082-exec-3","level":"DEBUG","level_value":10000}
{"@timestamp":"2025-09-12T07:12:48.370Z","@version":"1","message":"Writing [org.springframework.boot.actuate.health.SystemHealth@36f842aa]","logger_name":"org.springframework.web.servlet.mvc.method.annotation.HttpEntityMethodProcessor","thread_name":"http-nio-8082-exec-3","level":"DEBUG","level_value":10000}
{"@timestamp":"2025-09-12T07:12:48.371Z","@version":"1","message":"Completed 200 OK","logger_name":"org.springframework.web.servlet.DispatcherServlet","thread_name":"http-nio-8082-exec-3","level":"DEBUG","level_value":10000}
{"@timestamp":"2025-09-12T07:12:59.026Z","@version":"1","message":"GET \"/swagger-ui/index.html\", parameters={}","logger_name":"org.springframework.web.servlet.DispatcherServlet","thread_name":"http-nio-8082-exec-5","level":"DEBUG","level_value":10000}
{"@timestamp":"2025-09-12T07:12:59.027Z","@version":"1","message":"Mapped to ResourceHttpRequestHandler [classpath [META-INF/resources/webjars/]]","logger_name":"org.springframework.web.servlet.handler.SimpleUrlHandlerMapping","thread_name":"http-nio-8082-exec-5","level":"DEBUG","level_value":10000}
{"@timestamp":"2025-09-12T07:12:59.028Z","@version":"1","message":"Completed 200 OK","logger_name":"org.springframework.web.servlet.DispatcherServlet","thread_name":"http-nio-8082-exec-5","level":"DEBUG","level_value":10000}
{"@timestamp":"2025-09-12T07:12:59.067Z","@version":"1","message":"GET \"/swagger-ui/swagger-initializer.js\", parameters={}","logger_name":"org.springframework.web.servlet.DispatcherServlet","thread_name":"http-nio-8082-exec-6","level":"DEBUG","level_value":10000}
{"@timestamp":"2025-09-12T07:12:59.068Z","@version":"1","message":"Mapped to ResourceHttpRequestHandler [classpath [META-INF/resources/webjars/]]","logger_name":"org.springframework.web.servlet.handler.SimpleUrlHandlerMapping","thread_name":"http-nio-8082-exec-6","level":"DEBUG","level_value":10000}
{"@timestamp":"2025-09-12T07:12:59.069Z","@version":"1","message":"Completed 200 OK","logger_name":"org.springframework.web.servlet.DispatcherServlet","thread_name":"http-nio-8082-exec-6","level":"DEBUG","level_value":10000}
{"@timestamp":"2025-09-12T07:12:59.107Z","@version":"1","message":"GET \"/salary-api-docs/swagger-config\", parameters={}","logger_name":"org.springframework.web.servlet.DispatcherServlet","thread_name":"http-nio-8082-exec-7","level":"DEBUG","level_value":10000}
{"@timestamp":"2025-09-12T07:12:59.108Z","@version":"1","message":"Mapped to org.springdoc.webmvc.ui.SwaggerConfigResource#openapiJson(HttpServletRequest)","logger_name":"org.springframework.web.servlet.mvc.method.annotation.RequestMappingHandlerMapping","thread_name":"http-nio-8082-exec-7","level":"DEBUG","level_value":10000}
{"@timestamp":"2025-09-12T07:12:59.109Z","@version":"1","message":"Using 'application/json', given [*/*] and supported [application/json]","logger_name":"org.springframework.web.servlet.mvc.method.annotation.RequestResponseBodyMethodProcessor","thread_name":"http-nio-8082-exec-7","level":"DEBUG","level_value":10000}
{"@timestamp":"2025-09-12T07:12:59.109Z","@version":"1","message":"Writing [{configUrl=/salary-api-docs/swagger-config, filter=true, oauth2RedirectUrl=http://10.0.40.28:8082/sw (truncated)...]","logger_name":"org.springframework.web.servlet.mvc.method.annotation.RequestResponseBodyMethodProcessor","thread_name":"http-nio-8082-exec-7","level":"DEBUG","level_value":10000}
{"@timestamp":"2025-09-12T07:12:59.113Z","@version":"1","message":"Completed 200 OK","logger_name":"org.springframework.web.servlet.DispatcherServlet","thread_name":"http-nio-8082-exec-7","level":"DEBUG","level_value":10000}
{"@timestamp":"2025-09-12T07:12:59.161Z","@version":"1","message":"GET \"/salary-api-docs\", parameters={}","logger_name":"org.springframework.web.servlet.DispatcherServlet","thread_name":"http-nio-8082-exec-4","level":"DEBUG","level_value":10000}
{"@timestamp":"2025-09-12T07:12:59.162Z","@version":"1","message":"Mapped to org.springdoc.webmvc.api.OpenApiWebMvcResource#openapiJson(HttpServletRequest, String, Locale)","logger_name":"org.springframework.web.servlet.mvc.method.annotation.RequestMappingHandlerMapping","thread_name":"http-nio-8082-exec-4","level":"DEBUG","level_value":10000}
{"@timestamp":"2025-09-12T07:12:59.164Z","@version":"1","message":"Using 'application/json', given [application/json, */*] and supported [application/json]","logger_name":"org.springframework.web.servlet.mvc.method.annotation.RequestResponseBodyMethodProcessor","thread_name":"http-nio-8082-exec-4","level":"DEBUG","level_value":10000}
{"@timestamp":"2025-09-12T07:12:59.165Z","@version":"1","message":"Writing [{123, 34, 111, 112, 101, 110, 97, 112, 105, 34, 58, 34, 51, 46, 48, 46, 49, 34, 44, 34, 105, 110, 10 (truncated)...]","logger_name":"org.springframework.web.servlet.mvc.method.annotation.RequestResponseBodyMethodProcessor","thread_name":"http-nio-8082-exec-4","level":"DEBUG","level_value":10000}
{"@timestamp":"2025-09-12T07:12:59.165Z","@version":"1","message":"Completed 200 OK","logger_name":"org.springframework.web.servlet.DispatcherServlet","thread_name":"http-nio-8082-exec-4","level":"DEBUG","level_value":10000}
{"@timestamp":"2025-09-12T07:13:02.389Z","@version":"1","message":"GET \"/actuator/health\", parameters={}","logger_name":"org.springframework.web.servlet.DispatcherServlet","thread_name":"http-nio-8082-exec-8","level":"DEBUG","level_value":10000}
{"@timestamp":"2025-09-12T07:13:02.393Z","@version":"1","message":"Using 'application/vnd.spring-boot.actuator.v3+json', given [application/vnd.spring-boot.actuator.v3+json] and supported [application/vnd.spring-boot.actuator.v3+json]","logger_name":"org.springframework.web.servlet.mvc.method.annotation.HttpEntityMethodProcessor","thread_name":"http-nio-8082-exec-8","level":"DEBUG","level_value":10000}
{"@timestamp":"2025-09-12T07:13:02.394Z","@version":"1","message":"Writing [org.springframework.boot.actuate.health.SystemHealth@54bf3a7d]","logger_name":"org.springframework.web.servlet.mvc.method.annotation.HttpEntityMethodProcessor","thread_name":"http-nio-8082-exec-8","level":"DEBUG","level_value":10000}
{"@timestamp":"2025-09-12T07:13:02.394Z","@version":"1","message":"Completed 200 OK","logger_name":"org.springframework.web.servlet.DispatcherServlet","thread_name":"http-nio-8082-exec-8","level":"DEBUG","level_value":10000}
{"@timestamp":"2025-09-12T07:13:15.184Z","@version":"1","message":"GET \"/actuator/health\", parameters={}","logger_name":"org.springframework.web.servlet.DispatcherServlet","thread_name":"http-nio-8082-exec-9","level":"DEBUG","level_value":10000}
{"@timestamp":"2025-09-12T07:13:15.187Z","@version":"1","message":"Using 'application/vnd.spring-boot.actuator.v3+json', given [*/*] and supported [application/vnd.spring-boot.actuator.v3+json, application/vnd.spring-boot.actuator.v2+json, application/json]","logger_name":"org.springframework.web.servlet.mvc.method.annotation.HttpEntityMethodProcessor","thread_name":"http-nio-8082-exec-9","level":"DEBUG","level_value":10000}
{"@timestamp":"2025-09-12T07:13:15.188Z","@version":"1","message":"Writing [org.springframework.boot.actuate.health.SystemHealth@3c5671dd]","logger_name":"org.springframework.web.servlet.mvc.method.annotation.HttpEntityMethodProcessor","thread_name":"http-nio-8082-exec-9","level":"DEBUG","level_value":10000}
{"@timestamp":"2025-09-12T07:13:15.188Z","@version":"1","message":"Completed 200 OK","logger_name":"org.springframework.web.servlet.DispatcherServlet","thread_name":"http-nio-8082-exec-9","level":"DEBUG","level_value":10000}
{"@timestamp":"2025-09-12T07:13:18.384Z","@version":"1","message":"GET \"/actuator/health\", parameters={}","logger_name":"org.springframework.web.servlet.DispatcherServlet","thread_name":"http-nio-8082-exec-10","level":"DEBUG","level_value":10000}
{"@timestamp":"2025-09-12T07:13:18.387Z","@version":"1","message":"Using 'application/vnd.spring-boot.actuator.v3+json', given [*/*] and supported [application/vnd.spring-boot.actuator.v3+json, application/vnd.spring-boot.actuator.v2+json, application/json]","logger_name":"org.springframework.web.servlet.mvc.method.annotation.HttpEntityMethodProcessor","thread_name":"http-nio-8082-exec-10","level":"DEBUG","level_value":10000}
{"@timestamp":"2025-09-12T07:13:18.388Z","@version":"1","message":"Writing [org.springframework.boot.actuate.health.SystemHealth@4bf048c9]","logger_name":"org.springframework.web.servlet.mvc.method.annotation.HttpEntityMethodProcessor","thread_name":"http-nio-8082-exec-10","level":"DEBUG","level_value":10000}
{"@timestamp":"2025-09-12T07:13:18.388Z","@version":"1","message":"Completed 200 OK","logger_name":"org.springframework.web.servlet.DispatcherServlet","thread_name":"http-nio-8082-exec-10","level":"DEBUG","level_value":10000}
{"@timestamp":"2025-09-12T07:13:45.205Z","@version":"1","message":"GET \"/actuator/health\", parameters={}","logger_name":"org.springframework.web.servlet.DispatcherServlet","thread_name":"http-nio-8082-exec-1","level":"DEBUG","level_value":10000}
{"@timestamp":"2025-09-12T07:13:45.209Z","@version":"1","message":"Using 'application/vnd.spring-boot.actuator.v3+json', given [*/*] and supported [application/vnd.spring-boot.actuator.v3+json, application/vnd.spring-boot.actuator.v2+json, application/json]","logger_name":"org.springframework.web.servlet.mvc.method.annotation.HttpEntityMethodProcessor","thread_name":"http-nio-8082-exec-1","level":"DEBUG","level_value":10000}
{"@timestamp":"2025-09-12T07:13:45.209Z","@version":"1","message":"Writing [org.springframework.boot.actuate.health.SystemHealth@4b403445]","logger_name":"org.springframework.web.servlet.mvc.method.annotation.HttpEntityMethodProcessor","thread_name":"http-nio-8082-exec-1","level":"DEBUG","level_value":10000}
{"@timestamp":"2025-09-12T07:13:45.210Z","@version":"1","message":"Completed 200 OK","logger_name":"org.springframework.web.servlet.DispatcherServlet","thread_name":"http-nio-8082-exec-1","level":"DEBUG","level_value":10000}
{"@timestamp":"2025-09-12T07:13:48.412Z","@version":"1","message":"GET \"/actuator/health\", parameters={}","logger_name":"org.springframework.web.servlet.DispatcherServlet","thread_name":"http-nio-8082-exec-2","level":"DEBUG","level_value":10000}
{"@timestamp":"2025-09-12T07:13:48.417Z","@version":"1","message":"Using 'application/vnd.spring-boot.actuator.v3+json', given [*/*] and supported [application/vnd.spring-boot.actuator.v3+json, application/vnd.spring-boot.actuator.v2+json, application/json]","logger_name":"org.springframework.web.servlet.mvc.method.annotation.HttpEntityMethodProcessor","thread_name":"http-nio-8082-exec-2","level":"DEBUG","level_value":10000}
{"@timestamp":"2025-09-12T07:13:48.417Z","@version":"1","message":"Writing [org.springframework.boot.actuate.health.SystemHealth@617f2ae2]","logger_name":"org.springframework.web.servlet.mvc.method.annotation.HttpEntityMethodProcessor","thread_name":"http-nio-8082-exec-2","level":"DEBUG","level_value":10000}
{"@timestamp":"2025-09-12T07:13:48.419Z","@version":"1","message":"Completed 200 OK","logger_name":"org.springframework.web.servlet.DispatcherServlet","thread_name":"http-nio-8082-exec-2","level":"DEBUG","level_value":10000}
{"@timestamp":"2025-09-12T07:14:15.213Z","@version":"1","message":"GET \"/actuator/health\", parameters={}","logger_name":"org.springframework.web.servlet.DispatcherServlet","thread_name":"http-nio-8082-exec-3","level":"DEBUG","level_value":10000}
{"@timestamp":"2025-09-12T07:14:15.216Z","@version":"1","message":"Using 'application/vnd.spring-boot.actuator.v3+json', given [*/*] and supported [application/vnd.spring-boot.actuator.v3+json, application/vnd.spring-boot.actuator.v2+json, application/json]","logger_name":"org.springframework.web.servlet.mvc.method.annotation.HttpEntityMethodProcessor","thread_name":"http-nio-8082-exec-3","level":"DEBUG","level_value":10000}
{"@timestamp":"2025-09-12T07:14:15.216Z","@version":"1","message":"Writing [org.springframework.boot.actuate.health.SystemHealth@33feb0b8]","logger_name":"org.springframework.web.servlet.mvc.method.annotation.HttpEntityMethodProcessor","thread_name":"http-nio-8082-exec-3","level":"DEBUG","level_value":10000}
{"@timestamp":"2025-09-12T07:14:15.217Z","@version":"1","message":"Completed 200 OK","logger_name":"org.springframework.web.servlet.DispatcherServlet","thread_name":"http-nio-8082-exec-3","level":"DEBUG","level_value":10000}
{"@timestamp":"2025-09-12T07:14:18.437Z","@version":"1","message":"GET \"/actuator/health\", parameters={}","logger_name":"org.springframework.web.servlet.DispatcherServlet","thread_name":"http-nio-8082-exec-5","level":"DEBUG","level_value":10000}
{"@timestamp":"2025-09-12T07:14:18.440Z","@version":"1","message":"Using 'application/vnd.spring-boot.actuator.v3+json', given [*/*] and supported [application/vnd.spring-boot.actuator.v3+json, application/vnd.spring-boot.actuator.v2+json, application/json]","logger_name":"org.springframework.web.servlet.mvc.method.annotation.HttpEntityMethodProcessor","thread_name":"http-nio-8082-exec-5","level":"DEBUG","level_value":10000}
{"@timestamp":"2025-09-12T07:14:18.440Z","@version":"1","message":"Writing [org.springframework.boot.actuate.health.SystemHealth@6dde4561]","logger_name":"org.springframework.web.servlet.mvc.method.annotation.HttpEntityMethodProcessor","thread_name":"http-nio-8082-exec-5","level":"DEBUG","level_value":10000}
{"@timestamp":"2025-09-12T07:14:18.441Z","@version":"1","message":"Completed 200 OK","logger_name":"org.springframework.web.servlet.DispatcherServlet","thread_name":"http-nio-8082-exec-5","level":"DEBUG","level_value":10000}
{"@timestamp":"2025-09-12T07:14:45.216Z","@version":"1","message":"GET \"/actuator/health\", parameters={}","logger_name":"org.springframework.web.servlet.DispatcherServlet","thread_name":"http-nio-8082-exec-6","level":"DEBUG","level_value":10000}
{"@timestamp":"2025-09-12T07:14:45.219Z","@version":"1","message":"Using 'application/vnd.spring-boot.actuator.v3+json', given [*/*] and supported [application/vnd.spring-boot.actuator.v3+json, application/vnd.spring-boot.actuator.v2+json, application/json]","logger_name":"org.springframework.web.servlet.mvc.method.annotation.HttpEntityMethodProcessor","thread_name":"http-nio-8082-exec-6","level":"DEBUG","level_value":10000}
{"@timestamp":"2025-09-12T07:14:45.219Z","@version":"1","message":"Writing [org.springframework.boot.actuate.health.SystemHealth@1028468f]","logger_name":"org.springframework.web.servlet.mvc.method.annotation.HttpEntityMethodProcessor","thread_name":"http-nio-8082-exec-6","level":"DEBUG","level_value":10000}
{"@timestamp":"2025-09-12T07:14:45.220Z","@version":"1","message":"Completed 200 OK","logger_name":"org.springframework.web.servlet.DispatcherServlet","thread_name":"http-nio-8082-exec-6","level":"DEBUG","level_value":10000}
{"@timestamp":"2025-09-12T07:14:48.443Z","@version":"1","message":"GET \"/actuator/health\", parameters={}","logger_name":"org.springframework.web.servlet.DispatcherServlet","thread_name":"http-nio-8082-exec-7","level":"DEBUG","level_value":10000}
{"@timestamp":"2025-09-12T07:14:48.446Z","@version":"1","message":"Using 'application/vnd.spring-boot.actuator.v3+json', given [*/*] and supported [application/vnd.spring-boot.actuator.v3+json, application/vnd.spring-boot.actuator.v2+json, application/json]","logger_name":"org.springframework.web.servlet.mvc.method.annotation.HttpEntityMethodProcessor","thread_name":"http-nio-8082-exec-7","level":"DEBUG","level_value":10000}
{"@timestamp":"2025-09-12T07:14:48.447Z","@version":"1","message":"Writing [org.springframework.boot.actuate.health.SystemHealth@10039cf6]","logger_name":"org.springframework.web.servlet.mvc.method.annotation.HttpEntityMethodProcessor","thread_name":"http-nio-8082-exec-7","level":"DEBUG","level_value":10000}
{"@timestamp":"2025-09-12T07:14:48.447Z","@version":"1","message":"Completed 200 OK","logger_name":"org.springframework.web.servlet.DispatcherServlet","thread_name":"http-nio-8082-exec-7","level":"DEBUG","level_value":10000}
{"@timestamp":"2025-09-12T07:15:15.246Z","@version":"1","message":"GET \"/actuator/health\", parameters={}","logger_name":"org.springframework.web.servlet.DispatcherServlet","thread_name":"http-nio-8082-exec-4","level":"DEBUG","level_value":10000}
{"@timestamp":"2025-09-12T07:15:15.249Z","@version":"1","message":"Using 'application/vnd.spring-boot.actuator.v3+json', given [*/*] and supported [application/vnd.spring-boot.actuator.v3+json, application/vnd.spring-boot.actuator.v2+json, application/json]","logger_name":"org.springframework.web.servlet.mvc.method.annotation.HttpEntityMethodProcessor","thread_name":"http-nio-8082-exec-4","level":"DEBUG","level_value":10000}
{"@timestamp":"2025-09-12T07:15:15.249Z","@version":"1","message":"Writing [org.springframework.boot.actuate.health.SystemHealth@63880e88]","logger_name":"org.springframework.web.servlet.mvc.method.annotation.HttpEntityMethodProcessor","thread_name":"http-nio-8082-exec-4","level":"DEBUG","level_value":10000}
{"@timestamp":"2025-09-12T07:15:15.250Z","@version":"1","message":"Completed 200 OK","logger_name":"org.springframework.web.servlet.DispatcherServlet","thread_name":"http-nio-8082-exec-4","level":"DEBUG","level_value":10000}
{"@timestamp":"2025-09-12T07:15:18.473Z","@version":"1","message":"GET \"/actuator/health\", parameters={}","logger_name":"org.springframework.web.servlet.DispatcherServlet","thread_name":"http-nio-8082-exec-8","level":"DEBUG","level_value":10000}
{"@timestamp":"2025-09-12T07:15:18.476Z","@version":"1","message":"Using 'application/vnd.spring-boot.actuator.v3+json', given [*/*] and supported [application/vnd.spring-boot.actuator.v3+json, application/vnd.spring-boot.actuator.v2+json, application/json]","logger_name":"org.springframework.web.servlet.mvc.method.annotation.HttpEntityMethodProcessor","thread_name":"http-nio-8082-exec-8","level":"DEBUG","level_value":10000}
{"@timestamp":"2025-09-12T07:15:18.477Z","@version":"1","message":"Writing [org.springframework.boot.actuate.health.SystemHealth@35df423d]","logger_name":"org.springframework.web.servlet.mvc.method.annotation.HttpEntityMethodProcessor","thread_name":"http-nio-8082-exec-8","level":"DEBUG","level_value":10000}
{"@timestamp":"2025-09-12T07:15:18.478Z","@version":"1","message":"Completed 200 OK","logger_name":"org.springframework.web.servlet.DispatcherServlet","thread_name":"http-nio-8082-exec-8","level":"DEBUG","level_value":10000}
